<?xml version="1.0" encoding="UTF-8"?>
<coverage generated="1761226984303" clover="3.2.0">
  <project timestamp="1761226984303" name="All files">
    <metrics statements="124" coveredstatements="117" conditionals="34" coveredconditionals="31" methods="50" coveredmethods="36" elements="208" coveredelements="184" complexity="0" loc="124" ncloc="124" packages="7" files="14" classes="14"/>
    <package name="src">
      <metrics statements="0" coveredstatements="0" conditionals="0" coveredconditionals="0" methods="0" coveredmethods="0"/>
      <file name="index.ts" path="/Users/lucasfurini/react-native-test/src/index.ts">
        <metrics statements="0" coveredstatements="0" conditionals="0" coveredconditionals="0" methods="0" coveredmethods="0"/>
      </file>
    </package>
    <package name="src.@types">
      <metrics statements="0" coveredstatements="0" conditionals="0" coveredconditionals="0" methods="0" coveredmethods="0"/>
      <file name="countries.ts" path="/Users/lucasfurini/react-native-test/src/@types/countries.ts">
        <metrics statements="0" coveredstatements="0" conditionals="0" coveredconditionals="0" methods="0" coveredmethods="0"/>
      </file>
    </package>
    <package name="src.app">
      <metrics statements="43" coveredstatements="40" conditionals="21" coveredconditionals="18" methods="14" coveredmethods="12"/>
      <file name="_layout.tsx" path="/Users/lucasfurini/react-native-test/src/app/_layout.tsx">
        <metrics statements="2" coveredstatements="0" conditionals="0" coveredconditionals="0" methods="1" coveredmethods="0"/>
        <line num="7" count="0" type="stmt"/>
        <line num="10" count="0" type="stmt"/>
      </file>
      <file name="country-details.tsx" path="/Users/lucasfurini/react-native-test/src/app/country-details.tsx">
        <metrics statements="17" coveredstatements="17" conditionals="4" coveredconditionals="3" methods="5" coveredmethods="5"/>
        <line num="13" count="23" type="stmt"/>
        <line num="14" count="23" type="stmt"/>
        <line num="15" count="23" type="stmt"/>
        <line num="16" count="23" type="stmt"/>
        <line num="18" count="23" type="cond" truecount="2" falsecount="0"/>
        <line num="19" count="1" type="stmt"/>
        <line num="22" count="24" type="stmt"/>
        <line num="24" count="22" type="stmt"/>
        <line num="25" count="22" type="stmt"/>
        <line num="26" count="22" type="cond" truecount="1" falsecount="1"/>
        <line num="29" count="22" type="stmt"/>
        <line num="30" count="23" type="stmt"/>
        <line num="32" count="22" type="stmt"/>
        <line num="33" count="22" type="stmt"/>
        <line num="35" count="22" type="stmt"/>
        <line num="65" count="1" type="stmt"/>
        <line num="186" count="1" type="stmt"/>
      </file>
      <file name="index.tsx" path="/Users/lucasfurini/react-native-test/src/app/index.tsx">
        <metrics statements="24" coveredstatements="23" conditionals="17" coveredconditionals="15" methods="8" coveredmethods="7"/>
        <line num="16" count="28" type="stmt"/>
        <line num="17" count="28" type="stmt"/>
        <line num="18" count="28" type="stmt"/>
        <line num="20" count="28" type="cond" truecount="2" falsecount="0"/>
        <line num="21" count="3" type="stmt"/>
        <line num="24" count="25" type="cond" truecount="4" falsecount="0"/>
        <line num="25" count="3" type="stmt"/>
        <line num="34" count="22" type="stmt"/>
        <line num="35" count="22" type="stmt"/>
        <line num="37" count="22" type="cond" truecount="2" falsecount="0"/>
        <line num="38" count="9" type="stmt"/>
        <line num="39" count="9" type="stmt"/>
        <line num="40" count="27" type="stmt"/>
        <line num="41" count="27" type="cond" truecount="1" falsecount="1"/>
        <line num="42" count="27" type="cond" truecount="1" falsecount="1"/>
        <line num="44" count="27" type="stmt"/>
        <line num="52" count="22" type="stmt"/>
        <line num="55" count="22" type="stmt"/>
        <line num="57" count="22" type="stmt"/>
        <line num="114" count="0" type="stmt"/>
        <line num="132" count="46" type="stmt"/>
        <line num="133" count="65" type="stmt"/>
        <line num="136" count="2" type="stmt"/>
        <line num="145" count="1" type="stmt"/>
      </file>
    </package>
    <package name="src.components">
      <metrics statements="69" coveredstatements="69" conditionals="13" coveredconditionals="13" methods="32" coveredmethods="22"/>
      <file name="country-list-item.tsx" path="/Users/lucasfurini/react-native-test/src/components/country-list-item.tsx">
        <metrics statements="3" coveredstatements="3" conditionals="2" coveredconditionals="2" methods="2" coveredmethods="2"/>
        <line num="13" count="53" type="stmt"/>
        <line num="15" count="53" type="stmt"/>
        <line num="53" count="2" type="stmt"/>
      </file>
      <file name="empty-state.tsx" path="/Users/lucasfurini/react-native-test/src/components/empty-state.tsx">
        <metrics statements="17" coveredstatements="17" conditionals="0" coveredconditionals="0" methods="7" coveredmethods="5"/>
        <line num="21" count="5" type="stmt"/>
        <line num="22" count="5" type="stmt"/>
        <line num="23" count="5" type="stmt"/>
        <line num="24" count="5" type="stmt"/>
        <line num="25" count="5" type="stmt"/>
        <line num="27" count="5" type="stmt"/>
        <line num="29" count="5" type="stmt"/>
        <line num="30" count="5" type="stmt"/>
        <line num="37" count="5" type="stmt"/>
        <line num="45" count="5" type="stmt"/>
        <line num="58" count="5" type="stmt"/>
        <line num="73" count="5" type="stmt"/>
        <line num="80" count="5" type="stmt"/>
        <line num="87" count="5" type="stmt"/>
        <line num="156" count="20" type="stmt"/>
        <line num="158" count="5" type="stmt"/>
        <line num="171" count="2" type="stmt"/>
      </file>
      <file name="error-state.tsx" path="/Users/lucasfurini/react-native-test/src/components/error-state.tsx">
        <metrics statements="18" coveredstatements="18" conditionals="2" coveredconditionals="2" methods="7" coveredmethods="4"/>
        <line num="26" count="12" type="stmt"/>
        <line num="27" count="12" type="stmt"/>
        <line num="28" count="12" type="stmt"/>
        <line num="29" count="12" type="stmt"/>
        <line num="30" count="12" type="stmt"/>
        <line num="31" count="12" type="stmt"/>
        <line num="32" count="12" type="stmt"/>
        <line num="34" count="12" type="stmt"/>
        <line num="40" count="12" type="stmt"/>
        <line num="41" count="12" type="stmt"/>
        <line num="42" count="36" type="stmt"/>
        <line num="49" count="36" type="stmt"/>
        <line num="59" count="12" type="stmt"/>
        <line num="64" count="12" type="stmt"/>
        <line num="69" count="12" type="stmt"/>
        <line num="74" count="12" type="stmt"/>
        <line num="80" count="12" type="stmt"/>
        <line num="162" count="2" type="stmt"/>
      </file>
      <file name="loading-state.tsx" path="/Users/lucasfurini/react-native-test/src/components/loading-state.tsx">
        <metrics statements="23" coveredstatements="23" conditionals="2" coveredconditionals="2" methods="11" coveredmethods="6"/>
        <line num="24" count="15" type="stmt"/>
        <line num="26" count="15" type="stmt"/>
        <line num="27" count="15" type="stmt"/>
        <line num="28" count="15" type="stmt"/>
        <line num="29" count="15" type="stmt"/>
        <line num="31" count="15" type="stmt"/>
        <line num="32" count="15" type="stmt"/>
        <line num="37" count="15" type="stmt"/>
        <line num="45" count="15" type="stmt"/>
        <line num="50" count="15" type="stmt"/>
        <line num="60" count="15" type="stmt"/>
        <line num="67" count="15" type="stmt"/>
        <line num="71" count="15" type="stmt"/>
        <line num="116" count="60" type="stmt"/>
        <line num="125" count="60" type="stmt"/>
        <line num="126" count="60" type="stmt"/>
        <line num="128" count="60" type="stmt"/>
        <line num="129" count="60" type="stmt"/>
        <line num="144" count="60" type="stmt"/>
        <line num="148" count="60" type="stmt"/>
        <line num="152" count="60" type="stmt"/>
        <line num="168" count="60" type="stmt"/>
        <line num="201" count="2" type="stmt"/>
      </file>
      <file name="search-input.tsx" path="/Users/lucasfurini/react-native-test/src/components/search-input.tsx">
        <metrics statements="8" coveredstatements="8" conditionals="7" coveredconditionals="7" methods="5" coveredmethods="5"/>
        <line num="17" count="20" type="stmt"/>
        <line num="18" count="20" type="stmt"/>
        <line num="20" count="20" type="stmt"/>
        <line num="21" count="1" type="stmt"/>
        <line num="24" count="20" type="stmt"/>
        <line num="55" count="2" type="stmt"/>
        <line num="56" count="2" type="stmt"/>
        <line num="77" count="1" type="stmt"/>
      </file>
    </package>
    <package name="src.hooks">
      <metrics statements="7" coveredstatements="5" conditionals="0" coveredconditionals="0" methods="4" coveredmethods="2"/>
      <file name="use-countries.ts" path="/Users/lucasfurini/react-native-test/src/hooks/use-countries.ts">
        <metrics statements="7" coveredstatements="5" conditionals="0" coveredconditionals="0" methods="4" coveredmethods="2"/>
        <line num="5" count="1" type="stmt"/>
        <line num="6" count="7" type="stmt"/>
        <line num="10" count="5" type="stmt"/>
        <line num="11" count="9" type="stmt"/>
        <line num="15" count="1" type="stmt"/>
        <line num="16" count="0" type="stmt"/>
        <line num="18" count="0" type="stmt"/>
      </file>
    </package>
    <package name="src.services">
      <metrics statements="1" coveredstatements="0" conditionals="0" coveredconditionals="0" methods="0" coveredmethods="0"/>
      <file name="api.ts" path="/Users/lucasfurini/react-native-test/src/services/api.ts">
        <metrics statements="1" coveredstatements="0" conditionals="0" coveredconditionals="0" methods="0" coveredmethods="0"/>
        <line num="3" count="0" type="stmt"/>
      </file>
    </package>
    <package name="src.styles">
      <metrics statements="4" coveredstatements="3" conditionals="0" coveredconditionals="0" methods="0" coveredmethods="0"/>
      <file name="theme.ts" path="/Users/lucasfurini/react-native-test/src/styles/theme.ts">
        <metrics statements="3" coveredstatements="3" conditionals="0" coveredconditionals="0" methods="0" coveredmethods="0"/>
        <line num="1" count="7" type="stmt"/>
        <line num="130" count="7" type="stmt"/>
        <line num="259" count="7" type="stmt"/>
      </file>
      <file name="unistyles.ts" path="/Users/lucasfurini/react-native-test/src/styles/unistyles.ts">
        <metrics statements="1" coveredstatements="0" conditionals="0" coveredconditionals="0" methods="0" coveredmethods="0"/>
        <line num="4" count="0" type="stmt"/>
      </file>
    </package>
  </project>
</coverage>
