<?xml version="1.0" encoding="UTF-8"?>
<coverage generated="1761211217741" clover="3.2.0">
  <project timestamp="1761211217741" name="All files">
    <metrics statements="51" coveredstatements="51" conditionals="13" coveredconditionals="13" methods="25" coveredmethods="17" elements="89" coveredelements="81" complexity="0" loc="51" ncloc="51" packages="1" files="4" classes="4"/>
    <file name="country-list-item.tsx" path="/Users/lucasfurini/react-native-test/src/components/country-list-item.tsx">
      <metrics statements="3" coveredstatements="3" conditionals="2" coveredconditionals="2" methods="2" coveredmethods="2"/>
      <line num="14" count="9" type="stmt"/>
      <line num="16" count="9" type="stmt"/>
      <line num="57" count="1" type="stmt"/>
    </file>
    <file name="error-state.tsx" path="/Users/lucasfurini/react-native-test/src/components/error-state.tsx">
      <metrics statements="17" coveredstatements="17" conditionals="2" coveredconditionals="2" methods="7" coveredmethods="4"/>
      <line num="26" count="12" type="stmt"/>
      <line num="27" count="12" type="stmt"/>
      <line num="28" count="12" type="stmt"/>
      <line num="29" count="12" type="stmt"/>
      <line num="30" count="12" type="stmt"/>
      <line num="31" count="12" type="stmt"/>
      <line num="33" count="12" type="stmt"/>
      <line num="39" count="12" type="stmt"/>
      <line num="40" count="12" type="stmt"/>
      <line num="41" count="36" type="stmt"/>
      <line num="48" count="36" type="stmt"/>
      <line num="58" count="12" type="stmt"/>
      <line num="63" count="12" type="stmt"/>
      <line num="68" count="12" type="stmt"/>
      <line num="73" count="12" type="stmt"/>
      <line num="79" count="12" type="stmt"/>
      <line num="145" count="1" type="stmt"/>
    </file>
    <file name="loading-state.tsx" path="/Users/lucasfurini/react-native-test/src/components/loading-state.tsx">
      <metrics statements="23" coveredstatements="23" conditionals="2" coveredconditionals="2" methods="11" coveredmethods="6"/>
      <line num="24" count="12" type="stmt"/>
      <line num="27" count="12" type="stmt"/>
      <line num="28" count="12" type="stmt"/>
      <line num="29" count="12" type="stmt"/>
      <line num="30" count="12" type="stmt"/>
      <line num="32" count="12" type="stmt"/>
      <line num="34" count="12" type="stmt"/>
      <line num="40" count="12" type="stmt"/>
      <line num="49" count="12" type="stmt"/>
      <line num="55" count="12" type="stmt"/>
      <line num="65" count="12" type="stmt"/>
      <line num="72" count="12" type="stmt"/>
      <line num="76" count="12" type="stmt"/>
      <line num="117" count="48" type="stmt"/>
      <line num="126" count="48" type="stmt"/>
      <line num="127" count="48" type="stmt"/>
      <line num="129" count="48" type="stmt"/>
      <line num="130" count="48" type="stmt"/>
      <line num="145" count="48" type="stmt"/>
      <line num="149" count="48" type="stmt"/>
      <line num="153" count="48" type="stmt"/>
      <line num="169" count="48" type="stmt"/>
      <line num="211" count="1" type="stmt"/>
    </file>
    <file name="search-input.tsx" path="/Users/lucasfurini/react-native-test/src/components/search-input.tsx">
      <metrics statements="8" coveredstatements="8" conditionals="7" coveredconditionals="7" methods="5" coveredmethods="5"/>
      <line num="17" count="17" type="stmt"/>
      <line num="18" count="17" type="stmt"/>
      <line num="20" count="17" type="stmt"/>
      <line num="21" count="1" type="stmt"/>
      <line num="24" count="17" type="stmt"/>
      <line num="57" count="1" type="stmt"/>
      <line num="58" count="1" type="stmt"/>
      <line num="80" count="1" type="stmt"/>
    </file>
  </project>
</coverage>
