{"/Users/lucasfurini/react-native-test/src/index.ts": {"path":"/Users/lucasfurini/react-native-test/src/index.ts","statementMap":{},"fnMap":{},"branchMap":{},"s":{},"f":{},"b":{}}
,"/Users/lucasfurini/react-native-test/src/@types/countries.ts": {"path":"/Users/lucasfurini/react-native-test/src/@types/countries.ts","statementMap":{},"fnMap":{},"branchMap":{},"s":{},"f":{},"b":{}}
,"/Users/lucasfurini/react-native-test/src/app/_layout.tsx": {"path":"/Users/lucasfurini/react-native-test/src/app/_layout.tsx","statementMap":{"0":{"start":{"line":7,"column":20},"end":{"line":7,"column":37}},"1":{"start":{"line":10,"column":1},"end":{"line":23,"column":3}}},"fnMap":{"0":{"name":"RootLayout","decl":{"start":{"line":9,"column":24},"end":{"line":9,"column":34}},"loc":{"start":{"line":9,"column":37},"end":{"line":24,"column":1}},"line":9}},"branchMap":{},"s":{"0":0,"1":0},"f":{"0":0},"b":{}}
,"/Users/lucasfurini/react-native-test/src/app/country-details.tsx": {"path":"/Users/lucasfurini/react-native-test/src/app/country-details.tsx","statementMap":{"0":{"start":{"line":13,"column":18},"end":{"line":13,"column":58}},"1":{"start":{"line":14,"column":18},"end":{"line":14,"column":32}},"2":{"start":{"line":15,"column":19},"end":{"line":15,"column":33}},"3":{"start":{"line":16,"column":16},"end":{"line":16,"column":27}},"4":{"start":{"line":18,"column":1},"end":{"line":20,"column":2}},"5":{"start":{"line":19,"column":2},"end":{"line":19,"column":14}},"6":{"start":{"line":22,"column":17},"end":{"line":22,"column":68}},"7":{"start":{"line":22,"column":34},"end":{"line":22,"column":56}},"8":{"start":{"line":24,"column":20},"end":{"line":24,"column":55}},"9":{"start":{"line":25,"column":14},"end":{"line":25,"column":52}},"10":{"start":{"line":26,"column":19},"end":{"line":28,"column":9}},"11":{"start":{"line":29,"column":20},"end":{"line":31,"column":13}},"12":{"start":{"line":30,"column":14},"end":{"line":30,"column":39}},"13":{"start":{"line":32,"column":17},"end":{"line":32,"column":35}},"14":{"start":{"line":33,"column":19},"end":{"line":33,"column":36}},"15":{"start":{"line":35,"column":1},"end":{"line":183,"column":3}},"16":{"start":{"line":65,"column":23},"end":{"line":65,"column":36}},"17":{"start":{"line":186,"column":15},"end":{"line":299,"column":3}},"18":{"start":{"line":186,"column":45},"end":{"line":299,"column":1}}},"fnMap":{"0":{"name":"CountryDetailsScreen","decl":{"start":{"line":12,"column":24},"end":{"line":12,"column":44}},"loc":{"start":{"line":12,"column":47},"end":{"line":184,"column":1}},"line":12},"1":{"name":"(anonymous_1)","decl":{"start":{"line":22,"column":27},"end":{"line":22,"column":28}},"loc":{"start":{"line":22,"column":34},"end":{"line":22,"column":56}},"line":22},"2":{"name":"(anonymous_2)","decl":{"start":{"line":30,"column":7},"end":{"line":30,"column":8}},"loc":{"start":{"line":30,"column":14},"end":{"line":30,"column":39}},"line":30},"3":{"name":"(anonymous_3)","decl":{"start":{"line":65,"column":17},"end":{"line":65,"column":18}},"loc":{"start":{"line":65,"column":23},"end":{"line":65,"column":36}},"line":65},"4":{"name":"(anonymous_4)","decl":{"start":{"line":186,"column":33},"end":{"line":186,"column":34}},"loc":{"start":{"line":186,"column":45},"end":{"line":299,"column":1}},"line":186}},"branchMap":{"0":{"loc":{"start":{"line":18,"column":1},"end":{"line":20,"column":2}},"type":"if","locations":[{"start":{"line":18,"column":1},"end":{"line":20,"column":2}},{"start":{},"end":{}}],"line":18},"1":{"loc":{"start":{"line":26,"column":19},"end":{"line":28,"column":9}},"type":"cond-expr","locations":[{"start":{"line":27,"column":4},"end":{"line":27,"column":47}},{"start":{"line":28,"column":4},"end":{"line":28,"column":9}}],"line":26}},"s":{"0":23,"1":23,"2":23,"3":23,"4":23,"5":1,"6":22,"7":24,"8":22,"9":22,"10":22,"11":22,"12":23,"13":22,"14":22,"15":22,"16":1,"17":1,"18":1},"f":{"0":23,"1":24,"2":23,"3":1,"4":1},"b":{"0":[1,22],"1":[22,0]},"_coverageSchema":"1a1c01bbd47fc00a2c39e90264f33305004495a9","hash":"e520e3af82b0ac4fb5c95fddaabfa6e1cc069419"}
,"/Users/lucasfurini/react-native-test/src/app/index.tsx": {"path":"/Users/lucasfurini/react-native-test/src/app/index.tsx","statementMap":{"0":{"start":{"line":16,"column":45},"end":{"line":16,"column":59}},"1":{"start":{"line":17,"column":39},"end":{"line":17,"column":51}},"2":{"start":{"line":18,"column":19},"end":{"line":18,"column":33}},"3":{"start":{"line":20,"column":1},"end":{"line":22,"column":2}},"4":{"start":{"line":21,"column":2},"end":{"line":21,"column":26}},"5":{"start":{"line":24,"column":1},"end":{"line":32,"column":2}},"6":{"start":{"line":25,"column":2},"end":{"line":31,"column":4}},"7":{"start":{"line":34,"column":25},"end":{"line":53,"column":2}},"8":{"start":{"line":35,"column":17},"end":{"line":35,"column":21}},"9":{"start":{"line":37,"column":2},"end":{"line":50,"column":3}},"10":{"start":{"line":38,"column":17},"end":{"line":38,"column":42}},"11":{"start":{"line":39,"column":3},"end":{"line":49,"column":6}},"12":{"start":{"line":40,"column":25},"end":{"line":40,"column":60}},"13":{"start":{"line":41,"column":23},"end":{"line":41,"column":63}},"14":{"start":{"line":42,"column":20},"end":{"line":42,"column":61}},"15":{"start":{"line":44,"column":4},"end":{"line":48,"column":6}},"16":{"start":{"line":52,"column":2},"end":{"line":52,"column":18}},"17":{"start":{"line":55,"column":27},"end":{"line":55,"column":44}},"18":{"start":{"line":57,"column":1},"end":{"line":142,"column":3}},"19":{"start":{"line":114,"column":24},"end":{"line":114,"column":42}},"20":{"start":{"line":132,"column":32},"end":{"line":132,"column":63}},"21":{"start":{"line":133,"column":30},"end":{"line":133,"column":48}},"22":{"start":{"line":136,"column":7},"end":{"line":136,"column":57}},"23":{"start":{"line":145,"column":15},"end":{"line":236,"column":3}},"24":{"start":{"line":145,"column":45},"end":{"line":236,"column":1}}},"fnMap":{"0":{"name":"HomeScreen","decl":{"start":{"line":15,"column":24},"end":{"line":15,"column":34}},"loc":{"start":{"line":15,"column":37},"end":{"line":143,"column":1}},"line":15},"1":{"name":"(anonymous_1)","decl":{"start":{"line":34,"column":25},"end":{"line":34,"column":26}},"loc":{"start":{"line":34,"column":31},"end":{"line":53,"column":2}},"line":34},"2":{"name":"(anonymous_2)","decl":{"start":{"line":39,"column":30},"end":{"line":39,"column":31}},"loc":{"start":{"line":39,"column":43},"end":{"line":49,"column":4}},"line":39},"3":{"name":"(anonymous_3)","decl":{"start":{"line":114,"column":18},"end":{"line":114,"column":19}},"loc":{"start":{"line":114,"column":24},"end":{"line":114,"column":42}},"line":114},"4":{"name":"(anonymous_4)","decl":{"start":{"line":132,"column":18},"end":{"line":132,"column":19}},"loc":{"start":{"line":132,"column":32},"end":{"line":132,"column":63}},"line":132},"5":{"name":"(anonymous_5)","decl":{"start":{"line":133,"column":20},"end":{"line":133,"column":21}},"loc":{"start":{"line":133,"column":30},"end":{"line":133,"column":48}},"line":133},"6":{"name":"(anonymous_6)","decl":{"start":{"line":135,"column":26},"end":{"line":135,"column":27}},"loc":{"start":{"line":136,"column":7},"end":{"line":136,"column":57}},"line":136},"7":{"name":"(anonymous_7)","decl":{"start":{"line":145,"column":33},"end":{"line":145,"column":34}},"loc":{"start":{"line":145,"column":45},"end":{"line":236,"column":1}},"line":145}},"branchMap":{"0":{"loc":{"start":{"line":20,"column":1},"end":{"line":22,"column":2}},"type":"if","locations":[{"start":{"line":20,"column":1},"end":{"line":22,"column":2}},{"start":{},"end":{}}],"line":20},"1":{"loc":{"start":{"line":24,"column":1},"end":{"line":32,"column":2}},"type":"if","locations":[{"start":{"line":24,"column":1},"end":{"line":32,"column":2}},{"start":{},"end":{}}],"line":24},"2":{"loc":{"start":{"line":24,"column":5},"end":{"line":24,"column":19}},"type":"binary-expr","locations":[{"start":{"line":24,"column":5},"end":{"line":24,"column":10}},{"start":{"line":24,"column":14},"end":{"line":24,"column":19}}],"line":24},"3":{"loc":{"start":{"line":37,"column":2},"end":{"line":50,"column":3}},"type":"if","locations":[{"start":{"line":37,"column":2},"end":{"line":50,"column":3}},{"start":{},"end":{}}],"line":37},"4":{"loc":{"start":{"line":41,"column":23},"end":{"line":41,"column":63}},"type":"binary-expr","locations":[{"start":{"line":41,"column":23},"end":{"line":41,"column":57}},{"start":{"line":41,"column":61},"end":{"line":41,"column":63}}],"line":41},"5":{"loc":{"start":{"line":42,"column":20},"end":{"line":42,"column":61}},"type":"binary-expr","locations":[{"start":{"line":42,"column":20},"end":{"line":42,"column":55}},{"start":{"line":42,"column":59},"end":{"line":42,"column":61}}],"line":42},"6":{"loc":{"start":{"line":45,"column":5},"end":{"line":47,"column":28}},"type":"binary-expr","locations":[{"start":{"line":45,"column":5},"end":{"line":45,"column":33}},{"start":{"line":46,"column":5},"end":{"line":46,"column":31}},{"start":{"line":47,"column":5},"end":{"line":47,"column":28}}],"line":45},"7":{"loc":{"start":{"line":112,"column":8},"end":{"line":124,"column":8}},"type":"binary-expr","locations":[{"start":{"line":112,"column":8},"end":{"line":112,"column":30}},{"start":{"line":113,"column":8},"end":{"line":123,"column":20}}],"line":112}},"s":{"0":28,"1":28,"2":28,"3":28,"4":3,"5":25,"6":3,"7":22,"8":22,"9":22,"10":9,"11":9,"12":27,"13":27,"14":27,"15":27,"16":22,"17":22,"18":22,"19":0,"20":46,"21":65,"22":2,"23":1,"24":1},"f":{"0":28,"1":22,"2":27,"3":0,"4":46,"5":65,"6":2,"7":1},"b":{"0":[3,25],"1":[3,22],"2":[25,23],"3":[9,13],"4":[27,0],"5":[27,0],"6":[27,25,21],"7":[22,9]},"_coverageSchema":"1a1c01bbd47fc00a2c39e90264f33305004495a9","hash":"a862d3f69b55099635bcce156216da99f83b4eee"}
,"/Users/lucasfurini/react-native-test/src/components/country-list-item.tsx": {"path":"/Users/lucasfurini/react-native-test/src/components/country-list-item.tsx","statementMap":{"0":{"start":{"line":13,"column":19},"end":{"line":13,"column":33}},"1":{"start":{"line":15,"column":1},"end":{"line":50,"column":3}},"2":{"start":{"line":53,"column":15},"end":{"line":105,"column":3}},"3":{"start":{"line":53,"column":45},"end":{"line":105,"column":1}}},"fnMap":{"0":{"name":"CountryListItem","decl":{"start":{"line":12,"column":16},"end":{"line":12,"column":31}},"loc":{"start":{"line":12,"column":64},"end":{"line":51,"column":1}},"line":12},"1":{"name":"(anonymous_1)","decl":{"start":{"line":53,"column":33},"end":{"line":53,"column":34}},"loc":{"start":{"line":53,"column":45},"end":{"line":105,"column":1}},"line":53}},"branchMap":{"0":{"loc":{"start":{"line":26,"column":8},"end":{"line":36,"column":8}},"type":"binary-expr","locations":[{"start":{"line":26,"column":8},"end":{"line":26,"column":31}},{"start":{"line":27,"column":8},"end":{"line":35,"column":15}}],"line":26}},"s":{"0":53,"1":53,"2":2,"3":2},"f":{"0":53,"1":2},"b":{"0":[53,53]},"_coverageSchema":"1a1c01bbd47fc00a2c39e90264f33305004495a9","hash":"6adafd592c4ed263b31402df43458d436f5a0323"}
,"/Users/lucasfurini/react-native-test/src/components/empty-state.tsx": {"path":"/Users/lucasfurini/react-native-test/src/components/empty-state.tsx","statementMap":{"0":{"start":{"line":21,"column":24},"end":{"line":21,"column":41}},"1":{"start":{"line":22,"column":31},"end":{"line":22,"column":48}},"2":{"start":{"line":23,"column":24},"end":{"line":23,"column":41}},"3":{"start":{"line":24,"column":31},"end":{"line":24,"column":48}},"4":{"start":{"line":25,"column":19},"end":{"line":25,"column":33}},"5":{"start":{"line":27,"column":27},"end":{"line":27,"column":66}},"6":{"start":{"line":29,"column":1},"end":{"line":71,"column":4}},"7":{"start":{"line":30,"column":2},"end":{"line":36,"column":4}},"8":{"start":{"line":37,"column":2},"end":{"line":43,"column":4}},"9":{"start":{"line":45,"column":2},"end":{"line":57,"column":4}},"10":{"start":{"line":58,"column":2},"end":{"line":70,"column":4}},"11":{"start":{"line":73,"column":28},"end":{"line":78,"column":4}},"12":{"start":{"line":73,"column":52},"end":{"line":78,"column":2}},"13":{"start":{"line":80,"column":28},"end":{"line":85,"column":4}},"14":{"start":{"line":80,"column":52},"end":{"line":85,"column":2}},"15":{"start":{"line":87,"column":1},"end":{"line":168,"column":3}},"16":{"start":{"line":156,"column":7},"end":{"line":162,"column":26}},"17":{"start":{"line":158,"column":23},"end":{"line":158,"column":50}},"18":{"start":{"line":171,"column":15},"end":{"line":275,"column":3}},"19":{"start":{"line":171,"column":45},"end":{"line":275,"column":1}}},"fnMap":{"0":{"name":"EmptyState","decl":{"start":{"line":20,"column":16},"end":{"line":20,"column":26}},"loc":{"start":{"line":20,"column":68},"end":{"line":169,"column":1}},"line":20},"1":{"name":"(anonymous_1)","decl":{"start":{"line":29,"column":11},"end":{"line":29,"column":12}},"loc":{"start":{"line":29,"column":17},"end":{"line":71,"column":2}},"line":29},"2":{"name":"(anonymous_2)","decl":{"start":{"line":73,"column":45},"end":{"line":73,"column":46}},"loc":{"start":{"line":73,"column":52},"end":{"line":78,"column":2}},"line":73},"3":{"name":"(anonymous_3)","decl":{"start":{"line":80,"column":45},"end":{"line":80,"column":46}},"loc":{"start":{"line":80,"column":52},"end":{"line":85,"column":2}},"line":80},"4":{"name":"(anonymous_4)","decl":{"start":{"line":155,"column":29},"end":{"line":155,"column":30}},"loc":{"start":{"line":156,"column":7},"end":{"line":162,"column":26}},"line":156},"5":{"name":"(anonymous_5)","decl":{"start":{"line":158,"column":17},"end":{"line":158,"column":18}},"loc":{"start":{"line":158,"column":23},"end":{"line":158,"column":50}},"line":158},"6":{"name":"(anonymous_6)","decl":{"start":{"line":171,"column":33},"end":{"line":171,"column":34}},"loc":{"start":{"line":171,"column":45},"end":{"line":275,"column":1}},"line":171}},"branchMap":{},"s":{"0":5,"1":5,"2":5,"3":5,"4":5,"5":5,"6":5,"7":5,"8":5,"9":5,"10":5,"11":5,"12":0,"13":5,"14":0,"15":5,"16":20,"17":5,"18":2,"19":2},"f":{"0":5,"1":5,"2":0,"3":0,"4":20,"5":5,"6":2},"b":{},"_coverageSchema":"1a1c01bbd47fc00a2c39e90264f33305004495a9","hash":"fbdce8f672d7f888800b72147993472155ed51cb"}
,"/Users/lucasfurini/react-native-test/src/components/error-state.tsx": {"path":"/Users/lucasfurini/react-native-test/src/components/error-state.tsx","statementMap":{"0":{"start":{"line":26,"column":19},"end":{"line":26,"column":33}},"1":{"start":{"line":27,"column":20},"end":{"line":27,"column":37}},"2":{"start":{"line":28,"column":22},"end":{"line":28,"column":41}},"3":{"start":{"line":29,"column":20},"end":{"line":29,"column":37}},"4":{"start":{"line":30,"column":22},"end":{"line":30,"column":41}},"5":{"start":{"line":31,"column":20},"end":{"line":31,"column":37}},"6":{"start":{"line":32,"column":22},"end":{"line":32,"column":41}},"7":{"start":{"line":34,"column":15},"end":{"line":38,"column":2}},"8":{"start":{"line":40,"column":1},"end":{"line":57,"column":4}},"9":{"start":{"line":41,"column":2},"end":{"line":56,"column":5}},"10":{"start":{"line":42,"column":3},"end":{"line":48,"column":5}},"11":{"start":{"line":49,"column":3},"end":{"line":55,"column":5}},"12":{"start":{"line":59,"column":28},"end":{"line":62,"column":4}},"13":{"start":{"line":59,"column":52},"end":{"line":62,"column":2}},"14":{"start":{"line":64,"column":28},"end":{"line":67,"column":4}},"15":{"start":{"line":64,"column":52},"end":{"line":67,"column":2}},"16":{"start":{"line":69,"column":28},"end":{"line":72,"column":4}},"17":{"start":{"line":69,"column":52},"end":{"line":72,"column":2}},"18":{"start":{"line":74,"column":28},"end":{"line":78,"column":2}},"19":{"start":{"line":80,"column":1},"end":{"line":159,"column":3}},"20":{"start":{"line":162,"column":15},"end":{"line":298,"column":3}},"21":{"start":{"line":162,"column":45},"end":{"line":298,"column":1}}},"fnMap":{"0":{"name":"ErrorState","decl":{"start":{"line":21,"column":16},"end":{"line":21,"column":26}},"loc":{"start":{"line":25,"column":20},"end":{"line":160,"column":1}},"line":25},"1":{"name":"(anonymous_1)","decl":{"start":{"line":40,"column":11},"end":{"line":40,"column":12}},"loc":{"start":{"line":40,"column":17},"end":{"line":57,"column":2}},"line":40},"2":{"name":"(anonymous_2)","decl":{"start":{"line":41,"column":16},"end":{"line":41,"column":17}},"loc":{"start":{"line":41,"column":26},"end":{"line":56,"column":3}},"line":41},"3":{"name":"(anonymous_3)","decl":{"start":{"line":59,"column":45},"end":{"line":59,"column":46}},"loc":{"start":{"line":59,"column":52},"end":{"line":62,"column":2}},"line":59},"4":{"name":"(anonymous_4)","decl":{"start":{"line":64,"column":45},"end":{"line":64,"column":46}},"loc":{"start":{"line":64,"column":52},"end":{"line":67,"column":2}},"line":64},"5":{"name":"(anonymous_5)","decl":{"start":{"line":69,"column":45},"end":{"line":69,"column":46}},"loc":{"start":{"line":69,"column":52},"end":{"line":72,"column":2}},"line":69},"6":{"name":"(anonymous_6)","decl":{"start":{"line":162,"column":33},"end":{"line":162,"column":34}},"loc":{"start":{"line":162,"column":45},"end":{"line":298,"column":1}},"line":162}},"branchMap":{"0":{"loc":{"start":{"line":23,"column":1},"end":{"line":23,"column":39}},"type":"default-arg","locations":[{"start":{"line":23,"column":11},"end":{"line":23,"column":39}}],"line":23},"1":{"loc":{"start":{"line":24,"column":1},"end":{"line":24,"column":40}},"type":"default-arg","locations":[{"start":{"line":24,"column":14},"end":{"line":24,"column":40}}],"line":24}},"s":{"0":12,"1":12,"2":12,"3":12,"4":12,"5":12,"6":12,"7":12,"8":12,"9":12,"10":36,"11":36,"12":12,"13":0,"14":12,"15":0,"16":12,"17":0,"18":12,"19":12,"20":2,"21":2},"f":{"0":12,"1":12,"2":36,"3":0,"4":0,"5":0,"6":2},"b":{"0":[8],"1":[8]},"_coverageSchema":"1a1c01bbd47fc00a2c39e90264f33305004495a9","hash":"754a1a03caafc09e6c8000e688d4c22dab1c19cc"}
,"/Users/lucasfurini/react-native-test/src/components/loading-state.tsx": {"path":"/Users/lucasfurini/react-native-test/src/components/loading-state.tsx","statementMap":{"0":{"start":{"line":24,"column":19},"end":{"line":24,"column":33}},"1":{"start":{"line":26,"column":23},"end":{"line":26,"column":40}},"2":{"start":{"line":27,"column":20},"end":{"line":27,"column":37}},"3":{"start":{"line":28,"column":22},"end":{"line":28,"column":39}},"4":{"start":{"line":29,"column":21},"end":{"line":29,"column":38}},"5":{"start":{"line":31,"column":1},"end":{"line":58,"column":60}},"6":{"start":{"line":32,"column":2},"end":{"line":35,"column":4}},"7":{"start":{"line":37,"column":2},"end":{"line":43,"column":4}},"8":{"start":{"line":45,"column":2},"end":{"line":48,"column":4}},"9":{"start":{"line":50,"column":2},"end":{"line":57,"column":4}},"10":{"start":{"line":60,"column":28},"end":{"line":65,"column":4}},"11":{"start":{"line":60,"column":52},"end":{"line":65,"column":2}},"12":{"start":{"line":67,"column":27},"end":{"line":69,"column":4}},"13":{"start":{"line":67,"column":51},"end":{"line":69,"column":2}},"14":{"start":{"line":71,"column":1},"end":{"line":121,"column":3}},"15":{"start":{"line":116,"column":6},"end":{"line":116,"column":30}},"16":{"start":{"line":125,"column":19},"end":{"line":125,"column":33}},"17":{"start":{"line":126,"column":17},"end":{"line":126,"column":36}},"18":{"start":{"line":128,"column":1},"end":{"line":142,"column":15}},"19":{"start":{"line":129,"column":2},"end":{"line":141,"column":4}},"20":{"start":{"line":144,"column":27},"end":{"line":146,"column":4}},"21":{"start":{"line":144,"column":51},"end":{"line":146,"column":2}},"22":{"start":{"line":148,"column":29},"end":{"line":150,"column":4}},"23":{"start":{"line":148,"column":53},"end":{"line":150,"column":2}},"24":{"start":{"line":152,"column":29},"end":{"line":166,"column":4}},"25":{"start":{"line":152,"column":53},"end":{"line":166,"column":2}},"26":{"start":{"line":168,"column":1},"end":{"line":198,"column":3}},"27":{"start":{"line":201,"column":15},"end":{"line":309,"column":3}},"28":{"start":{"line":201,"column":45},"end":{"line":309,"column":1}}},"fnMap":{"0":{"name":"LoadingState","decl":{"start":{"line":20,"column":16},"end":{"line":20,"column":28}},"loc":{"start":{"line":23,"column":22},"end":{"line":122,"column":1}},"line":23},"1":{"name":"(anonymous_1)","decl":{"start":{"line":31,"column":11},"end":{"line":31,"column":12}},"loc":{"start":{"line":31,"column":17},"end":{"line":58,"column":2}},"line":31},"2":{"name":"(anonymous_2)","decl":{"start":{"line":60,"column":45},"end":{"line":60,"column":46}},"loc":{"start":{"line":60,"column":52},"end":{"line":65,"column":2}},"line":60},"3":{"name":"(anonymous_3)","decl":{"start":{"line":67,"column":44},"end":{"line":67,"column":45}},"loc":{"start":{"line":67,"column":51},"end":{"line":69,"column":2}},"line":67},"4":{"name":"(anonymous_4)","decl":{"start":{"line":115,"column":23},"end":{"line":115,"column":24}},"loc":{"start":{"line":116,"column":6},"end":{"line":116,"column":30}},"line":116},"5":{"name":"SkeletonCard","decl":{"start":{"line":124,"column":9},"end":{"line":124,"column":21}},"loc":{"start":{"line":124,"column":24},"end":{"line":199,"column":1}},"line":124},"6":{"name":"(anonymous_6)","decl":{"start":{"line":128,"column":11},"end":{"line":128,"column":12}},"loc":{"start":{"line":128,"column":17},"end":{"line":142,"column":2}},"line":128},"7":{"name":"(anonymous_7)","decl":{"start":{"line":144,"column":44},"end":{"line":144,"column":45}},"loc":{"start":{"line":144,"column":51},"end":{"line":146,"column":2}},"line":144},"8":{"name":"(anonymous_8)","decl":{"start":{"line":148,"column":46},"end":{"line":148,"column":47}},"loc":{"start":{"line":148,"column":53},"end":{"line":150,"column":2}},"line":148},"9":{"name":"(anonymous_9)","decl":{"start":{"line":152,"column":46},"end":{"line":152,"column":47}},"loc":{"start":{"line":152,"column":53},"end":{"line":166,"column":2}},"line":152},"10":{"name":"(anonymous_10)","decl":{"start":{"line":201,"column":33},"end":{"line":201,"column":34}},"loc":{"start":{"line":201,"column":45},"end":{"line":309,"column":1}},"line":201}},"branchMap":{"0":{"loc":{"start":{"line":21,"column":1},"end":{"line":21,"column":30}},"type":"default-arg","locations":[{"start":{"line":21,"column":11},"end":{"line":21,"column":30}}],"line":21},"1":{"loc":{"start":{"line":22,"column":1},"end":{"line":22,"column":51}},"type":"default-arg","locations":[{"start":{"line":22,"column":14},"end":{"line":22,"column":51}}],"line":22}},"s":{"0":15,"1":15,"2":15,"3":15,"4":15,"5":15,"6":15,"7":15,"8":15,"9":15,"10":15,"11":0,"12":15,"13":0,"14":15,"15":60,"16":60,"17":60,"18":60,"19":60,"20":60,"21":0,"22":60,"23":0,"24":60,"25":0,"26":60,"27":2,"28":2},"f":{"0":15,"1":15,"2":0,"3":0,"4":60,"5":60,"6":60,"7":0,"8":0,"9":0,"10":2},"b":{"0":[11],"1":[13]},"_coverageSchema":"1a1c01bbd47fc00a2c39e90264f33305004495a9","hash":"7464acfe219d91441707484c0f29b9773fab816d"}
,"/Users/lucasfurini/react-native-test/src/components/search-input.tsx": {"path":"/Users/lucasfurini/react-native-test/src/components/search-input.tsx","statementMap":{"0":{"start":{"line":17,"column":19},"end":{"line":17,"column":33}},"1":{"start":{"line":18,"column":35},"end":{"line":18,"column":50}},"2":{"start":{"line":20,"column":21},"end":{"line":22,"column":2}},"3":{"start":{"line":21,"column":2},"end":{"line":21,"column":19}},"4":{"start":{"line":24,"column":1},"end":{"line":74,"column":3}},"5":{"start":{"line":55,"column":20},"end":{"line":55,"column":38}},"6":{"start":{"line":56,"column":19},"end":{"line":56,"column":38}},"7":{"start":{"line":77,"column":15},"end":{"line":108,"column":3}},"8":{"start":{"line":77,"column":45},"end":{"line":108,"column":1}}},"fnMap":{"0":{"name":"SearchInput","decl":{"start":{"line":12,"column":16},"end":{"line":12,"column":27}},"loc":{"start":{"line":16,"column":21},"end":{"line":75,"column":1}},"line":16},"1":{"name":"(anonymous_1)","decl":{"start":{"line":20,"column":21},"end":{"line":20,"column":22}},"loc":{"start":{"line":20,"column":27},"end":{"line":22,"column":2}},"line":20},"2":{"name":"(anonymous_2)","decl":{"start":{"line":55,"column":14},"end":{"line":55,"column":15}},"loc":{"start":{"line":55,"column":20},"end":{"line":55,"column":38}},"line":55},"3":{"name":"(anonymous_3)","decl":{"start":{"line":56,"column":13},"end":{"line":56,"column":14}},"loc":{"start":{"line":56,"column":19},"end":{"line":56,"column":38}},"line":56},"4":{"name":"(anonymous_4)","decl":{"start":{"line":77,"column":33},"end":{"line":77,"column":34}},"loc":{"start":{"line":77,"column":45},"end":{"line":108,"column":1}},"line":77}},"branchMap":{"0":{"loc":{"start":{"line":15,"column":1},"end":{"line":15,"column":26}},"type":"default-arg","locations":[{"start":{"line":15,"column":15},"end":{"line":15,"column":26}}],"line":15},"1":{"loc":{"start":{"line":30,"column":5},"end":{"line":33,"column":6}},"type":"binary-expr","locations":[{"start":{"line":30,"column":5},"end":{"line":30,"column":14}},{"start":{"line":30,"column":18},"end":{"line":33,"column":6}}],"line":30},"2":{"loc":{"start":{"line":41,"column":6},"end":{"line":41,"column":72}},"type":"cond-expr","locations":[{"start":{"line":41,"column":18},"end":{"line":41,"column":42}},{"start":{"line":41,"column":45},"end":{"line":41,"column":72}}],"line":41},"3":{"loc":{"start":{"line":59,"column":5},"end":{"line":71,"column":5}},"type":"binary-expr","locations":[{"start":{"line":59,"column":5},"end":{"line":59,"column":21}},{"start":{"line":60,"column":5},"end":{"line":70,"column":17}}],"line":59}},"s":{"0":20,"1":20,"2":20,"3":1,"4":20,"5":2,"6":2,"7":1,"8":1},"f":{"0":20,"1":1,"2":2,"3":2,"4":1},"b":{"0":[19],"1":[20,2],"2":[2,18],"3":[20,6]},"_coverageSchema":"1a1c01bbd47fc00a2c39e90264f33305004495a9","hash":"3e24c08b8598f835ce552ed90ac18b5dd7c6161e"}
,"/Users/lucasfurini/react-native-test/src/hooks/use-countries.ts": {"path":"/Users/lucasfurini/react-native-test/src/hooks/use-countries.ts","statementMap":{"0":{"start":{"line":5,"column":28},"end":{"line":13,"column":1}},"1":{"start":{"line":6,"column":18},"end":{"line":8,"column":2}},"2":{"start":{"line":10,"column":1},"end":{"line":12,"column":3}},"3":{"start":{"line":11,"column":2},"end":{"line":11,"column":44}},"4":{"start":{"line":15,"column":28},"end":{"line":20,"column":1}},"5":{"start":{"line":16,"column":1},"end":{"line":19,"column":4}},"6":{"start":{"line":18,"column":17},"end":{"line":18,"column":31}}},"fnMap":{"0":{"name":"(anonymous_0)","decl":{"start":{"line":5,"column":28},"end":{"line":5,"column":29}},"loc":{"start":{"line":5,"column":60},"end":{"line":13,"column":1}},"line":5},"1":{"name":"(anonymous_1)","decl":{"start":{"line":10,"column":18},"end":{"line":10,"column":19}},"loc":{"start":{"line":11,"column":2},"end":{"line":11,"column":44}},"line":11},"2":{"name":"(anonymous_2)","decl":{"start":{"line":15,"column":28},"end":{"line":15,"column":29}},"loc":{"start":{"line":15,"column":34},"end":{"line":20,"column":1}},"line":15},"3":{"name":"(anonymous_3)","decl":{"start":{"line":18,"column":11},"end":{"line":18,"column":12}},"loc":{"start":{"line":18,"column":17},"end":{"line":18,"column":31}},"line":18}},"branchMap":{},"s":{"0":1,"1":7,"2":5,"3":9,"4":1,"5":0,"6":0},"f":{"0":7,"1":9,"2":0,"3":0},"b":{},"_coverageSchema":"1a1c01bbd47fc00a2c39e90264f33305004495a9","hash":"b8f1ae00bf323a93892c83c19bb878bfa89b8b24"}
,"/Users/lucasfurini/react-native-test/src/services/api.ts": {"path":"/Users/lucasfurini/react-native-test/src/services/api.ts","statementMap":{"0":{"start":{"line":3,"column":12},"end":{"line":5,"column":2}}},"fnMap":{},"branchMap":{},"s":{"0":0},"f":{},"b":{}}
,"/Users/lucasfurini/react-native-test/src/styles/theme.ts": {"path":"/Users/lucasfurini/react-native-test/src/styles/theme.ts","statementMap":{"0":{"start":{"line":1,"column":26},"end":{"line":128,"column":10}},"1":{"start":{"line":130,"column":25},"end":{"line":257,"column":10}},"2":{"start":{"line":259,"column":27},"end":{"line":265,"column":10}}},"fnMap":{},"branchMap":{},"s":{"0":7,"1":7,"2":7},"f":{},"b":{},"_coverageSchema":"1a1c01bbd47fc00a2c39e90264f33305004495a9","hash":"39b68e90dd386812f5ee3e7da0e9604dad1bc808"}
,"/Users/lucasfurini/react-native-test/src/styles/unistyles.ts": {"path":"/Users/lucasfurini/react-native-test/src/styles/unistyles.ts","statementMap":{"0":{"start":{"line":4,"column":0},"end":{"line":13,"column":3}}},"fnMap":{},"branchMap":{},"s":{"0":0},"f":{},"b":{}}
}
