{"/Users/lucasfurini/react-native-test/src/components/country-list-item.tsx": {"path":"/Users/lucasfurini/react-native-test/src/components/country-list-item.tsx","statementMap":{"0":{"start":{"line":14,"column":19},"end":{"line":14,"column":33}},"1":{"start":{"line":16,"column":1},"end":{"line":54,"column":3}},"2":{"start":{"line":57,"column":15},"end":{"line":109,"column":3}},"3":{"start":{"line":57,"column":45},"end":{"line":109,"column":1}}},"fnMap":{"0":{"name":"CountryListItem","decl":{"start":{"line":13,"column":16},"end":{"line":13,"column":31}},"loc":{"start":{"line":13,"column":64},"end":{"line":55,"column":1}},"line":13},"1":{"name":"(anonymous_1)","decl":{"start":{"line":57,"column":33},"end":{"line":57,"column":34}},"loc":{"start":{"line":57,"column":45},"end":{"line":109,"column":1}},"line":57}},"branchMap":{"0":{"loc":{"start":{"line":29,"column":8},"end":{"line":39,"column":8}},"type":"binary-expr","locations":[{"start":{"line":29,"column":8},"end":{"line":29,"column":31}},{"start":{"line":30,"column":8},"end":{"line":38,"column":15}}],"line":29}},"s":{"0":9,"1":9,"2":1,"3":1},"f":{"0":9,"1":1},"b":{"0":[9,8]},"_coverageSchema":"1a1c01bbd47fc00a2c39e90264f33305004495a9","hash":"df40a10626b6736ba3953c2284fdca8a576ceca2"}
,"/Users/lucasfurini/react-native-test/src/components/error-state.tsx": {"path":"/Users/lucasfurini/react-native-test/src/components/error-state.tsx","statementMap":{"0":{"start":{"line":26,"column":20},"end":{"line":26,"column":37}},"1":{"start":{"line":27,"column":22},"end":{"line":27,"column":41}},"2":{"start":{"line":28,"column":20},"end":{"line":28,"column":37}},"3":{"start":{"line":29,"column":22},"end":{"line":29,"column":41}},"4":{"start":{"line":30,"column":20},"end":{"line":30,"column":37}},"5":{"start":{"line":31,"column":22},"end":{"line":31,"column":41}},"6":{"start":{"line":33,"column":15},"end":{"line":37,"column":2}},"7":{"start":{"line":39,"column":1},"end":{"line":56,"column":4}},"8":{"start":{"line":40,"column":2},"end":{"line":55,"column":5}},"9":{"start":{"line":41,"column":3},"end":{"line":47,"column":5}},"10":{"start":{"line":48,"column":3},"end":{"line":54,"column":5}},"11":{"start":{"line":58,"column":28},"end":{"line":61,"column":4}},"12":{"start":{"line":58,"column":52},"end":{"line":61,"column":2}},"13":{"start":{"line":63,"column":28},"end":{"line":66,"column":4}},"14":{"start":{"line":63,"column":52},"end":{"line":66,"column":2}},"15":{"start":{"line":68,"column":28},"end":{"line":71,"column":4}},"16":{"start":{"line":68,"column":52},"end":{"line":71,"column":2}},"17":{"start":{"line":73,"column":28},"end":{"line":77,"column":2}},"18":{"start":{"line":79,"column":1},"end":{"line":142,"column":3}},"19":{"start":{"line":145,"column":15},"end":{"line":293,"column":3}},"20":{"start":{"line":145,"column":45},"end":{"line":293,"column":1}}},"fnMap":{"0":{"name":"ErrorState","decl":{"start":{"line":21,"column":16},"end":{"line":21,"column":26}},"loc":{"start":{"line":25,"column":20},"end":{"line":143,"column":1}},"line":25},"1":{"name":"(anonymous_1)","decl":{"start":{"line":39,"column":11},"end":{"line":39,"column":12}},"loc":{"start":{"line":39,"column":17},"end":{"line":56,"column":2}},"line":39},"2":{"name":"(anonymous_2)","decl":{"start":{"line":40,"column":16},"end":{"line":40,"column":17}},"loc":{"start":{"line":40,"column":26},"end":{"line":55,"column":3}},"line":40},"3":{"name":"(anonymous_3)","decl":{"start":{"line":58,"column":45},"end":{"line":58,"column":46}},"loc":{"start":{"line":58,"column":52},"end":{"line":61,"column":2}},"line":58},"4":{"name":"(anonymous_4)","decl":{"start":{"line":63,"column":45},"end":{"line":63,"column":46}},"loc":{"start":{"line":63,"column":52},"end":{"line":66,"column":2}},"line":63},"5":{"name":"(anonymous_5)","decl":{"start":{"line":68,"column":45},"end":{"line":68,"column":46}},"loc":{"start":{"line":68,"column":52},"end":{"line":71,"column":2}},"line":68},"6":{"name":"(anonymous_6)","decl":{"start":{"line":145,"column":33},"end":{"line":145,"column":34}},"loc":{"start":{"line":145,"column":45},"end":{"line":293,"column":1}},"line":145}},"branchMap":{"0":{"loc":{"start":{"line":23,"column":1},"end":{"line":23,"column":39}},"type":"default-arg","locations":[{"start":{"line":23,"column":11},"end":{"line":23,"column":39}}],"line":23},"1":{"loc":{"start":{"line":24,"column":1},"end":{"line":24,"column":40}},"type":"default-arg","locations":[{"start":{"line":24,"column":14},"end":{"line":24,"column":40}}],"line":24}},"s":{"0":12,"1":12,"2":12,"3":12,"4":12,"5":12,"6":12,"7":12,"8":12,"9":36,"10":36,"11":12,"12":0,"13":12,"14":0,"15":12,"16":0,"17":12,"18":12,"19":1,"20":1},"f":{"0":12,"1":12,"2":36,"3":0,"4":0,"5":0,"6":1},"b":{"0":[9],"1":[10]},"_coverageSchema":"1a1c01bbd47fc00a2c39e90264f33305004495a9","hash":"ab29f275588ba7de2452a0321c148ac9e52292a1"}
,"/Users/lucasfurini/react-native-test/src/components/loading-state.tsx": {"path":"/Users/lucasfurini/react-native-test/src/components/loading-state.tsx","statementMap":{"0":{"start":{"line":24,"column":19},"end":{"line":24,"column":33}},"1":{"start":{"line":27,"column":23},"end":{"line":27,"column":40}},"2":{"start":{"line":28,"column":20},"end":{"line":28,"column":37}},"3":{"start":{"line":29,"column":22},"end":{"line":29,"column":39}},"4":{"start":{"line":30,"column":21},"end":{"line":30,"column":38}},"5":{"start":{"line":32,"column":1},"end":{"line":63,"column":60}},"6":{"start":{"line":34,"column":2},"end":{"line":37,"column":4}},"7":{"start":{"line":40,"column":2},"end":{"line":46,"column":4}},"8":{"start":{"line":49,"column":2},"end":{"line":52,"column":4}},"9":{"start":{"line":55,"column":2},"end":{"line":62,"column":4}},"10":{"start":{"line":65,"column":28},"end":{"line":70,"column":4}},"11":{"start":{"line":65,"column":52},"end":{"line":70,"column":2}},"12":{"start":{"line":72,"column":27},"end":{"line":74,"column":4}},"13":{"start":{"line":72,"column":51},"end":{"line":74,"column":2}},"14":{"start":{"line":76,"column":1},"end":{"line":122,"column":3}},"15":{"start":{"line":117,"column":6},"end":{"line":117,"column":30}},"16":{"start":{"line":126,"column":19},"end":{"line":126,"column":33}},"17":{"start":{"line":127,"column":17},"end":{"line":127,"column":36}},"18":{"start":{"line":129,"column":1},"end":{"line":143,"column":15}},"19":{"start":{"line":130,"column":2},"end":{"line":142,"column":4}},"20":{"start":{"line":145,"column":27},"end":{"line":147,"column":4}},"21":{"start":{"line":145,"column":51},"end":{"line":147,"column":2}},"22":{"start":{"line":149,"column":29},"end":{"line":151,"column":4}},"23":{"start":{"line":149,"column":53},"end":{"line":151,"column":2}},"24":{"start":{"line":153,"column":29},"end":{"line":167,"column":4}},"25":{"start":{"line":153,"column":53},"end":{"line":167,"column":2}},"26":{"start":{"line":169,"column":1},"end":{"line":208,"column":3}},"27":{"start":{"line":211,"column":15},"end":{"line":317,"column":3}},"28":{"start":{"line":211,"column":45},"end":{"line":317,"column":1}}},"fnMap":{"0":{"name":"LoadingState","decl":{"start":{"line":20,"column":16},"end":{"line":20,"column":28}},"loc":{"start":{"line":23,"column":22},"end":{"line":123,"column":1}},"line":23},"1":{"name":"(anonymous_1)","decl":{"start":{"line":32,"column":11},"end":{"line":32,"column":12}},"loc":{"start":{"line":32,"column":17},"end":{"line":63,"column":2}},"line":32},"2":{"name":"(anonymous_2)","decl":{"start":{"line":65,"column":45},"end":{"line":65,"column":46}},"loc":{"start":{"line":65,"column":52},"end":{"line":70,"column":2}},"line":65},"3":{"name":"(anonymous_3)","decl":{"start":{"line":72,"column":44},"end":{"line":72,"column":45}},"loc":{"start":{"line":72,"column":51},"end":{"line":74,"column":2}},"line":72},"4":{"name":"(anonymous_4)","decl":{"start":{"line":116,"column":23},"end":{"line":116,"column":24}},"loc":{"start":{"line":117,"column":6},"end":{"line":117,"column":30}},"line":117},"5":{"name":"SkeletonCard","decl":{"start":{"line":125,"column":9},"end":{"line":125,"column":21}},"loc":{"start":{"line":125,"column":24},"end":{"line":209,"column":1}},"line":125},"6":{"name":"(anonymous_6)","decl":{"start":{"line":129,"column":11},"end":{"line":129,"column":12}},"loc":{"start":{"line":129,"column":17},"end":{"line":143,"column":2}},"line":129},"7":{"name":"(anonymous_7)","decl":{"start":{"line":145,"column":44},"end":{"line":145,"column":45}},"loc":{"start":{"line":145,"column":51},"end":{"line":147,"column":2}},"line":145},"8":{"name":"(anonymous_8)","decl":{"start":{"line":149,"column":46},"end":{"line":149,"column":47}},"loc":{"start":{"line":149,"column":53},"end":{"line":151,"column":2}},"line":149},"9":{"name":"(anonymous_9)","decl":{"start":{"line":153,"column":46},"end":{"line":153,"column":47}},"loc":{"start":{"line":153,"column":53},"end":{"line":167,"column":2}},"line":153},"10":{"name":"(anonymous_10)","decl":{"start":{"line":211,"column":33},"end":{"line":211,"column":34}},"loc":{"start":{"line":211,"column":45},"end":{"line":317,"column":1}},"line":211}},"branchMap":{"0":{"loc":{"start":{"line":21,"column":1},"end":{"line":21,"column":30}},"type":"default-arg","locations":[{"start":{"line":21,"column":11},"end":{"line":21,"column":30}}],"line":21},"1":{"loc":{"start":{"line":22,"column":1},"end":{"line":22,"column":51}},"type":"default-arg","locations":[{"start":{"line":22,"column":14},"end":{"line":22,"column":51}}],"line":22}},"s":{"0":12,"1":12,"2":12,"3":12,"4":12,"5":12,"6":12,"7":12,"8":12,"9":12,"10":12,"11":0,"12":12,"13":0,"14":12,"15":48,"16":48,"17":48,"18":48,"19":48,"20":48,"21":0,"22":48,"23":0,"24":48,"25":0,"26":48,"27":1,"28":1},"f":{"0":12,"1":12,"2":0,"3":0,"4":48,"5":48,"6":48,"7":0,"8":0,"9":0,"10":1},"b":{"0":[8],"1":[10]},"_coverageSchema":"1a1c01bbd47fc00a2c39e90264f33305004495a9","hash":"261c3ce66e86dde594a04cdbb4e8400f7df675f5"}
,"/Users/lucasfurini/react-native-test/src/components/search-input.tsx": {"path":"/Users/lucasfurini/react-native-test/src/components/search-input.tsx","statementMap":{"0":{"start":{"line":17,"column":19},"end":{"line":17,"column":33}},"1":{"start":{"line":18,"column":35},"end":{"line":18,"column":50}},"2":{"start":{"line":20,"column":21},"end":{"line":22,"column":2}},"3":{"start":{"line":21,"column":2},"end":{"line":21,"column":19}},"4":{"start":{"line":24,"column":1},"end":{"line":77,"column":3}},"5":{"start":{"line":57,"column":20},"end":{"line":57,"column":38}},"6":{"start":{"line":58,"column":19},"end":{"line":58,"column":38}},"7":{"start":{"line":80,"column":15},"end":{"line":111,"column":3}},"8":{"start":{"line":80,"column":45},"end":{"line":111,"column":1}}},"fnMap":{"0":{"name":"SearchInput","decl":{"start":{"line":12,"column":16},"end":{"line":12,"column":27}},"loc":{"start":{"line":16,"column":21},"end":{"line":78,"column":1}},"line":16},"1":{"name":"(anonymous_1)","decl":{"start":{"line":20,"column":21},"end":{"line":20,"column":22}},"loc":{"start":{"line":20,"column":27},"end":{"line":22,"column":2}},"line":20},"2":{"name":"(anonymous_2)","decl":{"start":{"line":57,"column":14},"end":{"line":57,"column":15}},"loc":{"start":{"line":57,"column":20},"end":{"line":57,"column":38}},"line":57},"3":{"name":"(anonymous_3)","decl":{"start":{"line":58,"column":13},"end":{"line":58,"column":14}},"loc":{"start":{"line":58,"column":19},"end":{"line":58,"column":38}},"line":58},"4":{"name":"(anonymous_4)","decl":{"start":{"line":80,"column":33},"end":{"line":80,"column":34}},"loc":{"start":{"line":80,"column":45},"end":{"line":111,"column":1}},"line":80}},"branchMap":{"0":{"loc":{"start":{"line":15,"column":1},"end":{"line":15,"column":26}},"type":"default-arg","locations":[{"start":{"line":15,"column":15},"end":{"line":15,"column":26}}],"line":15},"1":{"loc":{"start":{"line":29,"column":5},"end":{"line":32,"column":6}},"type":"binary-expr","locations":[{"start":{"line":29,"column":5},"end":{"line":29,"column":14}},{"start":{"line":29,"column":18},"end":{"line":32,"column":6}}],"line":29},"2":{"loc":{"start":{"line":40,"column":6},"end":{"line":42,"column":36}},"type":"cond-expr","locations":[{"start":{"line":41,"column":9},"end":{"line":41,"column":36}},{"start":{"line":42,"column":9},"end":{"line":42,"column":36}}],"line":40},"3":{"loc":{"start":{"line":62,"column":5},"end":{"line":74,"column":5}},"type":"binary-expr","locations":[{"start":{"line":62,"column":5},"end":{"line":62,"column":21}},{"start":{"line":63,"column":5},"end":{"line":73,"column":17}}],"line":62}},"s":{"0":17,"1":17,"2":17,"3":1,"4":17,"5":1,"6":1,"7":1,"8":1},"f":{"0":17,"1":1,"2":1,"3":1,"4":1},"b":{"0":[16],"1":[17,1],"2":[1,16],"3":[17,6]},"_coverageSchema":"1a1c01bbd47fc00a2c39e90264f33305004495a9","hash":"c57a371093a738f94535b159ff485d5be4e0d509"}
}
