TN:
SF:src/components/country-list-item.tsx
FN:13,CountryListItem
FN:57,(anonymous_1)
FNF:2
FNH:2
FNDA:9,CountryListItem
FNDA:1,(anonymous_1)
DA:14,9
DA:16,9
DA:57,1
LF:3
LH:3
BRDA:29,0,0,9
BRDA:29,0,1,8
BRF:2
BRH:2
end_of_record
TN:
SF:src/components/error-state.tsx
FN:21,ErrorState
FN:39,(anonymous_1)
FN:40,(anonymous_2)
FN:58,(anonymous_3)
FN:63,(anonymous_4)
FN:68,(anonymous_5)
FN:145,(anonymous_6)
FNF:7
FNH:4
FNDA:12,ErrorState
FNDA:12,(anonymous_1)
FNDA:36,(anonymous_2)
FNDA:0,(anonymous_3)
FNDA:0,(anonymous_4)
FNDA:0,(anonymous_5)
FNDA:1,(anonymous_6)
DA:26,12
DA:27,12
DA:28,12
DA:29,12
DA:30,12
DA:31,12
DA:33,12
DA:39,12
DA:40,12
DA:41,36
DA:48,36
DA:58,12
DA:63,12
DA:68,12
DA:73,12
DA:79,12
DA:145,1
LF:17
LH:17
BRDA:23,0,0,9
BRDA:24,1,0,10
BRF:2
BRH:2
end_of_record
TN:
SF:src/components/loading-state.tsx
FN:20,LoadingState
FN:32,(anonymous_1)
FN:65,(anonymous_2)
FN:72,(anonymous_3)
FN:116,(anonymous_4)
FN:125,SkeletonCard
FN:129,(anonymous_6)
FN:145,(anonymous_7)
FN:149,(anonymous_8)
FN:153,(anonymous_9)
FN:211,(anonymous_10)
FNF:11
FNH:6
FNDA:12,LoadingState
FNDA:12,(anonymous_1)
FNDA:0,(anonymous_2)
FNDA:0,(anonymous_3)
FNDA:48,(anonymous_4)
FNDA:48,SkeletonCard
FNDA:48,(anonymous_6)
FNDA:0,(anonymous_7)
FNDA:0,(anonymous_8)
FNDA:0,(anonymous_9)
FNDA:1,(anonymous_10)
DA:24,12
DA:27,12
DA:28,12
DA:29,12
DA:30,12
DA:32,12
DA:34,12
DA:40,12
DA:49,12
DA:55,12
DA:65,12
DA:72,12
DA:76,12
DA:117,48
DA:126,48
DA:127,48
DA:129,48
DA:130,48
DA:145,48
DA:149,48
DA:153,48
DA:169,48
DA:211,1
LF:23
LH:23
BRDA:21,0,0,8
BRDA:22,1,0,10
BRF:2
BRH:2
end_of_record
TN:
SF:src/components/search-input.tsx
FN:12,SearchInput
FN:20,(anonymous_1)
FN:57,(anonymous_2)
FN:58,(anonymous_3)
FN:80,(anonymous_4)
FNF:5
FNH:5
FNDA:17,SearchInput
FNDA:1,(anonymous_1)
FNDA:1,(anonymous_2)
FNDA:1,(anonymous_3)
FNDA:1,(anonymous_4)
DA:17,17
DA:18,17
DA:20,17
DA:21,1
DA:24,17
DA:57,1
DA:58,1
DA:80,1
LF:8
LH:8
BRDA:15,0,0,16
BRDA:29,1,0,17
BRDA:29,1,1,1
BRDA:40,2,0,1
BRDA:40,2,1,16
BRDA:62,3,0,17
BRDA:62,3,1,6
BRF:7
BRH:7
end_of_record
