TN:
SF:src/index.ts
FNF:0
FNH:0
LF:0
LH:0
BRF:0
BRH:0
end_of_record
TN:
SF:src/@types/countries.ts
FNF:0
FNH:0
LF:0
LH:0
BRF:0
BRH:0
end_of_record
TN:
SF:src/app/_layout.tsx
FN:9,RootLayout
FNF:1
FNH:0
FNDA:0,RootLayout
DA:7,0
DA:10,0
LF:2
LH:0
BRF:0
BRH:0
end_of_record
TN:
SF:src/app/country-details.tsx
FN:12,CountryDetailsScreen
FN:22,(anonymous_1)
FN:30,(anonymous_2)
FN:65,(anonymous_3)
FN:186,(anonymous_4)
FNF:5
FNH:5
FNDA:23,CountryDetailsScreen
FNDA:24,(anonymous_1)
FNDA:23,(anonymous_2)
FNDA:1,(anonymous_3)
FNDA:1,(anonymous_4)
DA:13,23
DA:14,23
DA:15,23
DA:16,23
DA:18,23
DA:19,1
DA:22,24
DA:24,22
DA:25,22
DA:26,22
DA:29,22
DA:30,23
DA:32,22
DA:33,22
DA:35,22
DA:65,1
DA:186,1
LF:17
LH:17
BRDA:18,0,0,1
BRDA:18,0,1,22
BRDA:26,1,0,22
BRDA:26,1,1,0
BRF:4
BRH:3
end_of_record
TN:
SF:src/app/index.tsx
FN:15,HomeScreen
FN:34,(anonymous_1)
FN:39,(anonymous_2)
FN:114,(anonymous_3)
FN:132,(anonymous_4)
FN:133,(anonymous_5)
FN:135,(anonymous_6)
FN:145,(anonymous_7)
FNF:8
FNH:7
FNDA:28,HomeScreen
FNDA:22,(anonymous_1)
FNDA:27,(anonymous_2)
FNDA:0,(anonymous_3)
FNDA:46,(anonymous_4)
FNDA:65,(anonymous_5)
FNDA:2,(anonymous_6)
FNDA:1,(anonymous_7)
DA:16,28
DA:17,28
DA:18,28
DA:20,28
DA:21,3
DA:24,25
DA:25,3
DA:34,22
DA:35,22
DA:37,22
DA:38,9
DA:39,9
DA:40,27
DA:41,27
DA:42,27
DA:44,27
DA:52,22
DA:55,22
DA:57,22
DA:114,0
DA:132,46
DA:133,65
DA:136,2
DA:145,1
LF:24
LH:23
BRDA:20,0,0,3
BRDA:20,0,1,25
BRDA:24,1,0,3
BRDA:24,1,1,22
BRDA:24,2,0,25
BRDA:24,2,1,23
BRDA:37,3,0,9
BRDA:37,3,1,13
BRDA:41,4,0,27
BRDA:41,4,1,0
BRDA:42,5,0,27
BRDA:42,5,1,0
BRDA:45,6,0,27
BRDA:45,6,1,25
BRDA:45,6,2,21
BRDA:112,7,0,22
BRDA:112,7,1,9
BRF:17
BRH:15
end_of_record
TN:
SF:src/components/country-list-item.tsx
FN:12,CountryListItem
FN:53,(anonymous_1)
FNF:2
FNH:2
FNDA:53,CountryListItem
FNDA:2,(anonymous_1)
DA:13,53
DA:15,53
DA:53,2
LF:3
LH:3
BRDA:26,0,0,53
BRDA:26,0,1,53
BRF:2
BRH:2
end_of_record
TN:
SF:src/components/empty-state.tsx
FN:20,EmptyState
FN:29,(anonymous_1)
FN:73,(anonymous_2)
FN:80,(anonymous_3)
FN:155,(anonymous_4)
FN:158,(anonymous_5)
FN:171,(anonymous_6)
FNF:7
FNH:5
FNDA:5,EmptyState
FNDA:5,(anonymous_1)
FNDA:0,(anonymous_2)
FNDA:0,(anonymous_3)
FNDA:20,(anonymous_4)
FNDA:5,(anonymous_5)
FNDA:2,(anonymous_6)
DA:21,5
DA:22,5
DA:23,5
DA:24,5
DA:25,5
DA:27,5
DA:29,5
DA:30,5
DA:37,5
DA:45,5
DA:58,5
DA:73,5
DA:80,5
DA:87,5
DA:156,20
DA:158,5
DA:171,2
LF:17
LH:17
BRF:0
BRH:0
end_of_record
TN:
SF:src/components/error-state.tsx
FN:21,ErrorState
FN:40,(anonymous_1)
FN:41,(anonymous_2)
FN:59,(anonymous_3)
FN:64,(anonymous_4)
FN:69,(anonymous_5)
FN:162,(anonymous_6)
FNF:7
FNH:4
FNDA:12,ErrorState
FNDA:12,(anonymous_1)
FNDA:36,(anonymous_2)
FNDA:0,(anonymous_3)
FNDA:0,(anonymous_4)
FNDA:0,(anonymous_5)
FNDA:2,(anonymous_6)
DA:26,12
DA:27,12
DA:28,12
DA:29,12
DA:30,12
DA:31,12
DA:32,12
DA:34,12
DA:40,12
DA:41,12
DA:42,36
DA:49,36
DA:59,12
DA:64,12
DA:69,12
DA:74,12
DA:80,12
DA:162,2
LF:18
LH:18
BRDA:23,0,0,8
BRDA:24,1,0,8
BRF:2
BRH:2
end_of_record
TN:
SF:src/components/loading-state.tsx
FN:20,LoadingState
FN:31,(anonymous_1)
FN:60,(anonymous_2)
FN:67,(anonymous_3)
FN:115,(anonymous_4)
FN:124,SkeletonCard
FN:128,(anonymous_6)
FN:144,(anonymous_7)
FN:148,(anonymous_8)
FN:152,(anonymous_9)
FN:201,(anonymous_10)
FNF:11
FNH:6
FNDA:15,LoadingState
FNDA:15,(anonymous_1)
FNDA:0,(anonymous_2)
FNDA:0,(anonymous_3)
FNDA:60,(anonymous_4)
FNDA:60,SkeletonCard
FNDA:60,(anonymous_6)
FNDA:0,(anonymous_7)
FNDA:0,(anonymous_8)
FNDA:0,(anonymous_9)
FNDA:2,(anonymous_10)
DA:24,15
DA:26,15
DA:27,15
DA:28,15
DA:29,15
DA:31,15
DA:32,15
DA:37,15
DA:45,15
DA:50,15
DA:60,15
DA:67,15
DA:71,15
DA:116,60
DA:125,60
DA:126,60
DA:128,60
DA:129,60
DA:144,60
DA:148,60
DA:152,60
DA:168,60
DA:201,2
LF:23
LH:23
BRDA:21,0,0,11
BRDA:22,1,0,13
BRF:2
BRH:2
end_of_record
TN:
SF:src/components/search-input.tsx
FN:12,SearchInput
FN:20,(anonymous_1)
FN:55,(anonymous_2)
FN:56,(anonymous_3)
FN:77,(anonymous_4)
FNF:5
FNH:5
FNDA:20,SearchInput
FNDA:1,(anonymous_1)
FNDA:2,(anonymous_2)
FNDA:2,(anonymous_3)
FNDA:1,(anonymous_4)
DA:17,20
DA:18,20
DA:20,20
DA:21,1
DA:24,20
DA:55,2
DA:56,2
DA:77,1
LF:8
LH:8
BRDA:15,0,0,19
BRDA:30,1,0,20
BRDA:30,1,1,2
BRDA:41,2,0,2
BRDA:41,2,1,18
BRDA:59,3,0,20
BRDA:59,3,1,6
BRF:7
BRH:7
end_of_record
TN:
SF:src/hooks/use-countries.ts
FN:5,(anonymous_0)
FN:10,(anonymous_1)
FN:15,(anonymous_2)
FN:18,(anonymous_3)
FNF:4
FNH:2
FNDA:7,(anonymous_0)
FNDA:9,(anonymous_1)
FNDA:0,(anonymous_2)
FNDA:0,(anonymous_3)
DA:5,1
DA:6,7
DA:10,5
DA:11,9
DA:15,1
DA:16,0
DA:18,0
LF:7
LH:5
BRF:0
BRH:0
end_of_record
TN:
SF:src/services/api.ts
FNF:0
FNH:0
DA:3,0
LF:1
LH:0
BRF:0
BRH:0
end_of_record
TN:
SF:src/styles/theme.ts
FNF:0
FNH:0
DA:1,7
DA:130,7
DA:259,7
LF:3
LH:3
BRF:0
BRH:0
end_of_record
TN:
SF:src/styles/unistyles.ts
FNF:0
FNH:0
DA:4,0
LF:1
LH:0
BRF:0
BRH:0
end_of_record
